<?xml version="1.0" encoding="UTF-8"?>
<!-- Generated by org.testng.reporters.JUnitReportReporter -->
<testsuite hostname="192.168.1.4" failures="0" tests="1" name="remoteTesting.ParallelExecution1Test" time="16.977" errors="0" timestamp="2019-11-07T21:49:35 IST" skipped="0">
  <testcase classname="remoteTesting.ParallelExecution1Test" name="test1" time="16.977"/>
</testsuite> <!-- remoteTesting.ParallelExecution1Test -->
