<?xml version="1.0" encoding="UTF-8"?>
<!-- Generated by org.testng.reporters.JUnitReportReporter -->
<testsuite hostname="192.168.1.4" failures="0" tests="1" name="remoteTesting.ParallelExecution3Test" time="35.318" errors="0" timestamp="2019-11-07T21:49:35 IST" skipped="0">
  <testcase classname="remoteTesting.ParallelExecution3Test" name="test3" time="35.318"/>
</testsuite> <!-- remoteTesting.ParallelExecution3Test -->
