<?xml version="1.0" encoding="UTF-8"?>
<!-- Generated by org.testng.reporters.JUnitReportReporter -->
<testsuite hostname="192.168.1.4" failures="0" tests="1" name="remoteTesting.ParallelExecution5Test" time="27.320" errors="0" timestamp="2019-11-07T21:49:35 IST" skipped="0">
  <testcase classname="remoteTesting.ParallelExecution5Test" name="test5" time="27.320"/>
</testsuite> <!-- remoteTesting.ParallelExecution5Test -->
