<?xml version="1.0" encoding="UTF-8"?>
<!-- Generated by org.testng.reporters.JUnitReportReporter -->
<testsuite hostname="192.168.1.4" failures="0" tests="1" name="remoteTesting.ParallelExecution2Test" time="28.304" errors="0" timestamp="2019-11-07T21:49:35 IST" skipped="0">
  <testcase classname="remoteTesting.ParallelExecution2Test" name="test2" time="28.304"/>
</testsuite> <!-- remoteTesting.ParallelExecution2Test -->
